<?xml version="1.0" encoding="UTF-8"?>
<!-- Generated by org.testng.reporters.JUnitReportReporter -->
<testsuite hostname="BDC7-L-72000NF" failures="0" tests="3" name="com.test.dataproviderTest" time="6.049" errors="0" timestamp="2019-11-11T22:23:29 IST" skipped="0">
  <testcase classname="com.test.dataproviderTest" name="login" time="3.113"/>
  <testcase classname="com.test.dataproviderTest" name="login" time="0.504"/>
  <testcase classname="com.test.dataproviderTest" name="login" time="2.432"/>
</testsuite> <!-- com.test.dataproviderTest -->
