<?xml version="1.0" encoding="UTF-8"?>
<!-- Generated by org.testng.reporters.JUnitReportReporter -->
<testsuite hostname="BDC7-L-72000NF" failures="0" tests="4" name="com.test.TestNGnclusionExclusion" time="0.026" errors="0" timestamp="2019-11-11T15:51:25 IST" skipped="0">
  <testcase classname="com.test.TestNGnclusionExclusion" name="googleTitleTest4" time="0.004"/>
  <testcase classname="com.test.TestNGnclusionExclusion" name="googleTitleTest3" time="0.015"/>
  <testcase classname="com.test.TestNGnclusionExclusion" name="googleTitleTest2" time="0.003"/>
  <testcase classname="com.test.TestNGnclusionExclusion" name="googleTitleTest1" time="0.004"/>
</testsuite> <!-- com.test.TestNGnclusionExclusion -->
