<?xml version="1.0" encoding="UTF-8"?>
<!-- Generated by org.testng.reporters.JUnitReportReporter -->
<testsuite hostname="BDC7-L-72000NF" failures="0" tests="5" name="com.test.TestNGBasics" time="0.056" errors="0" timestamp="2019-12-30T15:35:31 IST" skipped="0">
  <testcase classname="com.test.TestNGBasics" name="googleTitleTest2" time="0.011"/>
  <testcase classname="com.test.TestNGBasics" name="googleTitleTest4" time="0.004"/>
  <testcase classname="com.test.TestNGBasics" name="googleTitleTest5" time="0.017"/>
  <testcase classname="com.test.TestNGBasics" name="googleTitleTest3" time="0.002"/>
  <testcase classname="com.test.TestNGBasics" name="googleTitleTest1" time="0.022"/>
</testsuite> <!-- com.test.TestNGBasics -->
