<?xml version="1.0" encoding="UTF-8"?>
<!-- Generated by org.testng.reporters.JUnitReportReporter -->
<testsuite hostname="BDC7-L-72000NF" failures="0" tests="1" name="com.test2.Implementlisteners" time="0.025" errors="0" timestamp="2019-11-28T16:41:50 IST" skipped="0">
  <testcase classname="com.test2.Implementlisteners" name="Test1" time="0.025"/>
</testsuite> <!-- com.test2.Implementlisteners -->
